[debug] [2021-07-30T17:09:21.677Z] ----------------------------------------------------------------------
[debug] [2021-07-30T17:09:21.679Z] Command:       C:\Program Files\nodejs\node.exe C:\Users\Amrithesh Rao\AppData\Roaming\npm\node_modules\firebase-tools\lib\bin\firebase.js emulators:start
[debug] [2021-07-30T17:09:21.679Z] CLI Version:   9.16.0
[debug] [2021-07-30T17:09:21.679Z] Platform:      win32
[debug] [2021-07-30T17:09:21.679Z] Node Version:  v14.16.1
[debug] [2021-07-30T17:09:21.680Z] Time:          Fri Jul 30 2021 22:39:21 GMT+0530 (India Standard Time)
[debug] [2021-07-30T17:09:21.680Z] ----------------------------------------------------------------------
[debug] 
[debug] [2021-07-30T17:09:21.727Z] > command requires scopes: ["email","openid","https://www.googleapis.com/auth/cloudplatformprojects.readonly","https://www.googleapis.com/auth/firebase","https://www.googleapis.com/auth/cloud-platform"]
[debug] [2021-07-30T17:09:21.727Z] > authorizing via signed-in user (amritheshraoks@gmail.com)
[info] i  emulators: Starting emulators: functions, hosting {"metadata":{"emulator":{"name":"hub"},"message":"Starting emulators: functions, hosting"}}
[debug] [2021-07-30T17:09:21.745Z] [hub] writing locator at C:\Users\AMRITH~1\AppData\Local\Temp\hub-clone-70a8b.json
[warn] !  functions: The following emulators are not running, calls to these services from the Functions emulator will affect production: auth, firestore, database, pubsub, storage {"metadata":{"emulator":{"name":"functions"},"message":"The following emulators are not running, calls to these services from the Functions emulator will affect production: \u001b[1mauth, firestore, database, pubsub, storage\u001b[22m"}}
[info] +  functions: Using node@14 from host. {"metadata":{"emulator":{"name":"functions"},"message":"Using node@14 from host."}}
[debug] [2021-07-30T17:09:21.835Z] defaultcredentials: writing to file C:\Users\Amrithesh Rao\AppData\Roaming\firebase\amritheshraoks_gmail_com_application_default_credentials.json
[debug] [2021-07-30T17:09:21.836Z] Setting GAC to C:\Users\Amrithesh Rao\AppData\Roaming\firebase\amritheshraoks_gmail_com_application_default_credentials.json {"metadata":{"emulator":{"name":"functions"},"message":"Setting GAC to C:\\Users\\Amrithesh Rao\\AppData\\Roaming\\firebase\\amritheshraoks_gmail_com_application_default_credentials.json"}}
[debug] [2021-07-30T17:09:21.838Z] >>> [apiv2][query] GET https://firebase.googleapis.com/v1beta1/projects/clone-70a8b/adminSdkConfig [none]
[debug] [2021-07-30T17:09:22.617Z] <<< [apiv2][status] GET https://firebase.googleapis.com/v1beta1/projects/clone-70a8b/adminSdkConfig 200
[debug] [2021-07-30T17:09:22.617Z] <<< [apiv2][body] GET https://firebase.googleapis.com/v1beta1/projects/clone-70a8b/adminSdkConfig {"projectId":"clone-70a8b","storageBucket":"clone-70a8b.appspot.com","locationId":"us-central"}
[debug] [2021-07-30T17:09:22.626Z] >>> [apiv2][query] GET https://firebasehosting.googleapis.com/v1beta1/projects/clone-70a8b/sites 
[debug] [2021-07-30T17:09:24.605Z] <<< [apiv2][status] GET https://firebasehosting.googleapis.com/v1beta1/projects/clone-70a8b/sites 200
[debug] [2021-07-30T17:09:24.605Z] <<< [apiv2][body] GET https://firebasehosting.googleapis.com/v1beta1/projects/clone-70a8b/sites {"sites":[{"name":"projects/698715082703/sites/clone-70a8b","defaultUrl":"https://clone-70a8b.web.app","appId":"1:698715082703:web:16cf31ad342831e7c70cba","type":"DEFAULT_SITE"}]}
[debug] [2021-07-30T17:09:24.606Z] >>> [apiv2][query] GET https://firebase.googleapis.com/v1beta1/projects/clone-70a8b/webApps/1:698715082703:web:16cf31ad342831e7c70cba/config [none]
[debug] [2021-07-30T17:09:26.142Z] <<< [apiv2][status] GET https://firebase.googleapis.com/v1beta1/projects/clone-70a8b/webApps/1:698715082703:web:16cf31ad342831e7c70cba/config 200
[debug] [2021-07-30T17:09:26.142Z] <<< [apiv2][body] GET https://firebase.googleapis.com/v1beta1/projects/clone-70a8b/webApps/1:698715082703:web:16cf31ad342831e7c70cba/config {"projectId":"clone-70a8b","appId":"1:698715082703:web:16cf31ad342831e7c70cba","storageBucket":"clone-70a8b.appspot.com","locationId":"us-central","apiKey":"AIzaSyBZSAWfG-qe422a9-H8Ka6J7Wa6AVDO4Ao","authDomain":"clone-70a8b.firebaseapp.com","messagingSenderId":"698715082703","measurementId":"G-TFPVG7PZZG"}
[info] i  hosting: Serving hosting files from: build {"metadata":{"emulator":{"name":"hosting"},"message":"Serving hosting files from: \u001b[1mbuild\u001b[22m"}}
[info] +  hosting: Local server: http://localhost:5000 {"metadata":{"emulator":{"name":"hosting"},"message":"Local server: \u001b[4m\u001b[1mhttp://localhost:5000\u001b[22m\u001b[24m"}}
[debug] [2021-07-30T17:09:26.161Z] Ignoring unsupported arg: auto_download {"metadata":{"emulator":{"name":"ui"},"message":"Ignoring unsupported arg: auto_download"}}
[debug] [2021-07-30T17:09:26.162Z] Ignoring unsupported arg: port {"metadata":{"emulator":{"name":"ui"},"message":"Ignoring unsupported arg: port"}}
[debug] [2021-07-30T17:09:26.162Z] Starting Emulator UI with command {"binary":"node","args":["C:\\Users\\Amrithesh Rao\\.cache\\firebase\\emulators\\ui-v1.6.0\\server.bundle.js"],"optionalArgs":[],"joinArgs":false} {"metadata":{"emulator":{"name":"ui"},"message":"Starting Emulator UI with command {\"binary\":\"node\",\"args\":[\"C:\\\\Users\\\\Amrithesh Rao\\\\.cache\\\\firebase\\\\emulators\\\\ui-v1.6.0\\\\server.bundle.js\"],\"optionalArgs\":[],\"joinArgs\":false}"}}
[info] i  ui: Emulator UI logging to ui-debug.log {"metadata":{"emulator":{"name":"ui"},"message":"Emulator UI logging to \u001b[1mui-debug.log\u001b[22m"}}
[debug] [2021-07-30T17:09:26.272Z] Web / API server started at localhost:4000
 {"metadata":{"emulator":{"name":"ui"},"message":"Web / API server started at localhost:4000\n"}}
[info] i  functions: Watching "C:\Users\Amrithesh Rao\Desktop\React js\amazon-clone\functions" for Cloud Functions... {"metadata":{"emulator":{"name":"functions"},"message":"Watching \"C:\\Users\\Amrithesh Rao\\Desktop\\React js\\amazon-clone\\functions\" for Cloud Functions..."}}
[debug] [2021-07-30T17:09:26.435Z] [worker-pool] addWorker(~diagnostic~) {"metadata":{"emulator":{"name":"functions"},"message":"[worker-pool] addWorker(~diagnostic~)"}}
[debug] [2021-07-30T17:09:26.435Z] [worker-pool] Adding worker with key ~diagnostic~, total=1 {"metadata":{"emulator":{"name":"functions"},"message":"[worker-pool] Adding worker with key ~diagnostic~, total=1"}}
[debug] [2021-07-30T17:09:26.435Z] [worker-pool] submitWork(triggerId=) {"metadata":{"emulator":{"name":"functions"},"message":"[worker-pool] submitWork(triggerId=)"}}
[debug] [2021-07-30T17:09:26.436Z] [worker-~diagnostic~-41191a25-c9ab-40e3-8aa2-c35f6d9d580d]: Assigning socketPath: \\?\pipe\C:\Users\Amrithesh Rao\Desktop\React js\amazon-clone\functions\12584 {"metadata":{"emulator":{"name":"functions"},"message":"[worker-~diagnostic~-41191a25-c9ab-40e3-8aa2-c35f6d9d580d]: Assigning socketPath: \\\\?\\pipe\\C:\\Users\\Amrithesh Rao\\Desktop\\React js\\amazon-clone\\functions\\12584"}}
[debug] [2021-07-30T17:09:26.436Z] [worker-~diagnostic~-41191a25-c9ab-40e3-8aa2-c35f6d9d580d]: BUSY {"metadata":{"emulator":{"name":"functions"},"message":"[worker-~diagnostic~-41191a25-c9ab-40e3-8aa2-c35f6d9d580d]: BUSY"}}
[debug] [2021-07-30T17:09:26.627Z] [runtime-status] [12584] Functions runtime initialized. {"cwd":"C:\\Users\\Amrithesh Rao\\Desktop\\React js\\amazon-clone\\functions","node_version":"14.16.1"} {"metadata":{"emulator":{"name":"functions"},"message":"[runtime-status] [12584] Functions runtime initialized. {\"cwd\":\"C:\\\\Users\\\\Amrithesh Rao\\\\Desktop\\\\React js\\\\amazon-clone\\\\functions\",\"node_version\":\"14.16.1\"}"}}
[debug] [2021-07-30T17:09:26.627Z] [runtime-status] [12584] Disabled runtime features: undefined {"metadata":{"emulator":{"name":"functions"},"message":"[runtime-status] [12584] Disabled runtime features: undefined"}}
[debug] [2021-07-30T17:09:26.629Z] [runtime-status] [12584] Resolved module firebase-admin {"declared":true,"installed":true,"version":"9.10.0","resolution":"C:\\Users\\Amrithesh Rao\\Desktop\\React js\\amazon-clone\\functions\\node_modules\\firebase-admin\\lib\\index.js"} {"metadata":{"emulator":{"name":"functions"},"message":"[runtime-status] [12584] Resolved module firebase-admin {\"declared\":true,\"installed\":true,\"version\":\"9.10.0\",\"resolution\":\"C:\\\\Users\\\\Amrithesh Rao\\\\Desktop\\\\React js\\\\amazon-clone\\\\functions\\\\node_modules\\\\firebase-admin\\\\lib\\\\index.js\"}"}}
[debug] [2021-07-30T17:09:26.631Z] [runtime-status] [12584] Resolved module firebase-functions {"declared":true,"installed":true,"version":"3.14.1","resolution":"C:\\Users\\Amrithesh Rao\\Desktop\\React js\\amazon-clone\\functions\\node_modules\\firebase-functions\\lib\\index.js"} {"metadata":{"emulator":{"name":"functions"},"message":"[runtime-status] [12584] Resolved module firebase-functions {\"declared\":true,\"installed\":true,\"version\":\"3.14.1\",\"resolution\":\"C:\\\\Users\\\\Amrithesh Rao\\\\Desktop\\\\React js\\\\amazon-clone\\\\functions\\\\node_modules\\\\firebase-functions\\\\lib\\\\index.js\"}"}}
[debug] [2021-07-30T17:09:26.632Z] [runtime-status] [12584] Resolved module firebase-functions {"declared":true,"installed":true,"version":"3.14.1","resolution":"C:\\Users\\Amrithesh Rao\\Desktop\\React js\\amazon-clone\\functions\\node_modules\\firebase-functions\\lib\\index.js"} {"metadata":{"emulator":{"name":"functions"},"message":"[runtime-status] [12584] Resolved module firebase-functions {\"declared\":true,\"installed\":true,\"version\":\"3.14.1\",\"resolution\":\"C:\\\\Users\\\\Amrithesh Rao\\\\Desktop\\\\React js\\\\amazon-clone\\\\functions\\\\node_modules\\\\firebase-functions\\\\lib\\\\index.js\"}"}}
[debug] [2021-07-30T17:09:26.634Z] [runtime-status] [12584] Outgoing network have been stubbed. [{"name":"http","status":"mocked"},{"name":"http","status":"mocked"},{"name":"https","status":"mocked"},{"name":"https","status":"mocked"},{"name":"net","status":"mocked"}] {"metadata":{"emulator":{"name":"functions"},"message":"[runtime-status] [12584] Outgoing network have been stubbed. [{\"name\":\"http\",\"status\":\"mocked\"},{\"name\":\"http\",\"status\":\"mocked\"},{\"name\":\"https\",\"status\":\"mocked\"},{\"name\":\"https\",\"status\":\"mocked\"},{\"name\":\"net\",\"status\":\"mocked\"}]"}}
[debug] [2021-07-30T17:09:26.634Z] [runtime-status] [12584] Resolved module firebase-functions {"declared":true,"installed":true,"version":"3.14.1","resolution":"C:\\Users\\Amrithesh Rao\\Desktop\\React js\\amazon-clone\\functions\\node_modules\\firebase-functions\\lib\\index.js"} {"metadata":{"emulator":{"name":"functions"},"message":"[runtime-status] [12584] Resolved module firebase-functions {\"declared\":true,\"installed\":true,\"version\":\"3.14.1\",\"resolution\":\"C:\\\\Users\\\\Amrithesh Rao\\\\Desktop\\\\React js\\\\amazon-clone\\\\functions\\\\node_modules\\\\firebase-functions\\\\lib\\\\index.js\"}"}}
[debug] [2021-07-30T17:09:26.673Z] [runtime-status] [12584] Checked functions.config() {"config":{}} {"metadata":{"emulator":{"name":"functions"},"message":"[runtime-status] [12584] Checked functions.config() {\"config\":{}}"}}
[debug] [2021-07-30T17:09:26.673Z] [runtime-status] [12584] firebase-functions has been stubbed. {"functionsResolution":{"declared":true,"installed":true,"version":"3.14.1","resolution":"C:\\Users\\Amrithesh Rao\\Desktop\\React js\\amazon-clone\\functions\\node_modules\\firebase-functions\\lib\\index.js"}} {"metadata":{"emulator":{"name":"functions"},"message":"[runtime-status] [12584] firebase-functions has been stubbed. {\"functionsResolution\":{\"declared\":true,\"installed\":true,\"version\":\"3.14.1\",\"resolution\":\"C:\\\\Users\\\\Amrithesh Rao\\\\Desktop\\\\React js\\\\amazon-clone\\\\functions\\\\node_modules\\\\firebase-functions\\\\lib\\\\index.js\"}}"}}
[debug] [2021-07-30T17:09:26.673Z] [runtime-status] [12584] Resolved module firebase-functions {"declared":true,"installed":true,"version":"3.14.1","resolution":"C:\\Users\\Amrithesh Rao\\Desktop\\React js\\amazon-clone\\functions\\node_modules\\firebase-functions\\lib\\index.js"} {"metadata":{"emulator":{"name":"functions"},"message":"[runtime-status] [12584] Resolved module firebase-functions {\"declared\":true,\"installed\":true,\"version\":\"3.14.1\",\"resolution\":\"C:\\\\Users\\\\Amrithesh Rao\\\\Desktop\\\\React js\\\\amazon-clone\\\\functions\\\\node_modules\\\\firebase-functions\\\\lib\\\\index.js\"}"}}
[debug] [2021-07-30T17:09:26.674Z] [runtime-status] [12584] Resolved module firebase-admin {"declared":true,"installed":true,"version":"9.10.0","resolution":"C:\\Users\\Amrithesh Rao\\Desktop\\React js\\amazon-clone\\functions\\node_modules\\firebase-admin\\lib\\index.js"} {"metadata":{"emulator":{"name":"functions"},"message":"[runtime-status] [12584] Resolved module firebase-admin {\"declared\":true,\"installed\":true,\"version\":\"9.10.0\",\"resolution\":\"C:\\\\Users\\\\Amrithesh Rao\\\\Desktop\\\\React js\\\\amazon-clone\\\\functions\\\\node_modules\\\\firebase-admin\\\\lib\\\\index.js\"}"}}
[debug] [2021-07-30T17:09:26.674Z] [runtime-status] [12584] Resolved module firebase-functions {"declared":true,"installed":true,"version":"3.14.1","resolution":"C:\\Users\\Amrithesh Rao\\Desktop\\React js\\amazon-clone\\functions\\node_modules\\firebase-functions\\lib\\index.js"} {"metadata":{"emulator":{"name":"functions"},"message":"[runtime-status] [12584] Resolved module firebase-functions {\"declared\":true,\"installed\":true,\"version\":\"3.14.1\",\"resolution\":\"C:\\\\Users\\\\Amrithesh Rao\\\\Desktop\\\\React js\\\\amazon-clone\\\\functions\\\\node_modules\\\\firebase-functions\\\\lib\\\\index.js\"}"}}
[debug] [2021-07-30T17:09:26.675Z] [runtime-status] [12584] firebase-admin has been stubbed. {"adminResolution":{"declared":true,"installed":true,"version":"9.10.0","resolution":"C:\\Users\\Amrithesh Rao\\Desktop\\React js\\amazon-clone\\functions\\node_modules\\firebase-admin\\lib\\index.js"}} {"metadata":{"emulator":{"name":"functions"},"message":"[runtime-status] [12584] firebase-admin has been stubbed. {\"adminResolution\":{\"declared\":true,\"installed\":true,\"version\":\"9.10.0\",\"resolution\":\"C:\\\\Users\\\\Amrithesh Rao\\\\Desktop\\\\React js\\\\amazon-clone\\\\functions\\\\node_modules\\\\firebase-admin\\\\lib\\\\index.js\"}}"}}
[info] +  functions[us-central1-api]: http function initialized (http://localhost:5001/clone-70a8b/us-central1/api). {"metadata":{"emulator":{"name":"functions"},"message":"\u001b[1mhttp\u001b[22m function initialized (http://localhost:5001/clone-70a8b/us-central1/api)."}}
[info] 
┌─────────────────────────────────────────────────────────────┐
│ ✔  All emulators ready! It is now safe to connect your app. │
│ i  View Emulator UI at http://localhost:4000                │
└─────────────────────────────────────────────────────────────┘

┌───────────┬────────────────┬─────────────────────────────────┐
│ Emulator  │ Host:Port      │ View in Emulator UI             │
├───────────┼────────────────┼─────────────────────────────────┤
│ Functions │ localhost:5001 │ http://localhost:4000/functions │
├───────────┼────────────────┼─────────────────────────────────┤
│ Hosting   │ localhost:5000 │ n/a                             │
└───────────┴────────────────┴─────────────────────────────────┘
  Emulator Hub running at localhost:4400
  Other reserved ports: 4500

Issues? Report them at https://github.com/firebase/firebase-tools/issues and attach the *-debug.log files.
 
[debug] [2021-07-30T17:09:26.823Z] [worker-~diagnostic~-41191a25-c9ab-40e3-8aa2-c35f6d9d580d]: IDLE {"metadata":{"emulator":{"name":"functions"},"message":"[worker-~diagnostic~-41191a25-c9ab-40e3-8aa2-c35f6d9d580d]: IDLE"}}
[debug] [2021-07-30T19:01:23.644Z] Received signal SIGHUP 1
